<?xml version="1.0" encoding="UTF-8"?>
<testng-results ignored="0" total="2" passed="2" failed="0" skipped="0">
  <reporter-output>
  </reporter-output>
  <suite started-at="2024-08-22T20:14:59 IST" name="seleniumTestRestAPISuite" finished-at="2024-08-22T20:18:38 IST" duration-ms="219279">
    <groups>
    </groups>
    <test started-at="2024-08-22T20:14:59 IST" name="seleniumTest" finished-at="2024-08-22T20:18:38 IST" duration-ms="219279">
      <class name="seleniumExample.HandleMultipleTabs">
        <test-method signature="testMethod()[pri:0, instance:seleniumExample.HandleMultipleTabs@5038d0b5]" started-at="2024-08-22T20:15:48 IST" name="testMethod" finished-at="2024-08-22T20:18:38 IST" duration-ms="170823" status="PASS">
          <reporter-output>
          </reporter-output>
        </test-method> <!-- testMethod -->
      </class> <!-- seleniumExample.HandleMultipleTabs -->
      <class name="seleniumExample.Ikea_dropdown">
        <test-method signature="testMethod()[pri:0, instance:seleniumExample.Ikea_dropdown@3e2055d6]" started-at="2024-08-22T20:14:59 IST" name="testMethod" finished-at="2024-08-22T20:15:47 IST" duration-ms="48198" status="PASS">
          <reporter-output>
          </reporter-output>
        </test-method> <!-- testMethod -->
      </class> <!-- seleniumExample.Ikea_dropdown -->
    </test> <!-- seleniumTest -->
  </suite> <!-- seleniumTestRestAPISuite -->
</testng-results>
