<?xml version="1.0" encoding="UTF-8"?>
<!-- Generated by org.testng.reporters.JUnitXMLReporter -->
<testsuite ignored="0" hostname="Deepak" failures="0" tests="6" name="Default test" time="22.234" errors="0" timestamp="2024-09-23T10:07:38 IST">
  <testcase classname="chrome_Options.Chrome_Options" name="testDisableExtension" time="3.959"/>
  <testcase classname="chrome_Options.Chrome_Options" name="testDisableInfobars" time="3.246"/>
  <testcase classname="chrome_Options.Chrome_Options" name="testHeadlessMode" time="4.383"/>
  <testcase classname="chrome_Options.Chrome_Options" name="testSetWindowSize" time="1.984"/>
  <testcase classname="chrome_Options.Chrome_Options" name="testStartMaximized" time="2.915"/>
  <testcase classname="chrome_Options.Chrome_Options" name="testUserAgent" time="4.431"/>
</testsuite> <!-- Default test -->
