<?xml version="1.0" encoding="UTF-8"?>
<!-- Generated by org.testng.reporters.JUnitXMLReporter -->
<testsuite ignored="0" hostname="Deepak" failures="0" tests="3" name="Test" time="0.432" errors="0" timestamp="2024-10-15T11:11:53 IST">
  <testcase classname="testNGExample.Test_testwhatsapp" name="testwhatsapp" time="0.117"/>
  <testcase classname="testNGExample.Test_testlinkedin" name="testlinkedin" time="0.007"/>
  <testcase classname="testNGExample.Test_testgoogle" name="testgoogle" time="0.005"/>
</testsuite> <!-- Test -->
