<?xml version="1.0" encoding="UTF-8"?>
<testng-results ignored="0" total="3" passed="3" failed="0" skipped="0">
  <reporter-output>
  </reporter-output>
  <suite started-at="2024-10-15T11:11:53 IST" name="Test_app" finished-at="2024-10-15T11:11:53 IST" duration-ms="432">
    <groups>
    </groups>
    <test started-at="2024-10-15T11:11:53 IST" name="Test" finished-at="2024-10-15T11:11:53 IST" duration-ms="432">
      <class name="testNGExample.Test_testgoogle">
        <test-method signature="testgoogle()[pri:0, instance:testNGExample.Test_testgoogle@6d026701]" started-at="2024-10-15T11:11:53 IST" name="testgoogle" finished-at="2024-10-15T11:11:53 IST" duration-ms="5" status="PASS">
          <reporter-output>
          </reporter-output>
        </test-method> <!-- testgoogle -->
      </class> <!-- testNGExample.Test_testgoogle -->
      <class name="testNGExample.Test_testlinkedin">
        <test-method signature="testlinkedin()[pri:0, instance:testNGExample.Test_testlinkedin@5cdec700]" started-at="2024-10-15T11:11:53 IST" name="testlinkedin" finished-at="2024-10-15T11:11:53 IST" duration-ms="7" status="PASS">
          <reporter-output>
          </reporter-output>
        </test-method> <!-- testlinkedin -->
      </class> <!-- testNGExample.Test_testlinkedin -->
      <class name="testNGExample.Test_testwhatsapp">
        <test-method signature="testwhatsapp()[pri:0, instance:testNGExample.Test_testwhatsapp@563e4951]" started-at="2024-10-15T11:11:53 IST" name="testwhatsapp" finished-at="2024-10-15T11:11:53 IST" duration-ms="117" status="PASS">
          <reporter-output>
          </reporter-output>
        </test-method> <!-- testwhatsapp -->
      </class> <!-- testNGExample.Test_testwhatsapp -->
    </test> <!-- Test -->
  </suite> <!-- Test_app -->
</testng-results>
