<?xml version="1.0" encoding="UTF-8"?>
<testng-results ignored="0" total="1" passed="1" failed="0" skipped="0">
  <reporter-output>
  </reporter-output>
  <suite started-at="2024-09-22T23:44:54 IST" name="Default suite" finished-at="2024-09-22T23:44:59 IST" duration-ms="4922">
    <groups>
    </groups>
    <test started-at="2024-09-22T23:44:54 IST" name="Default test" finished-at="2024-09-22T23:44:59 IST" duration-ms="4922">
      <class name="automatePDFFile.Automate_PDF_File">
        <test-method is-config="true" signature="setUp()[pri:0, instance:automatePDFFile.Automate_PDF_File@6d026701]" started-at="2024-09-22T23:44:54 IST" name="setUp" finished-at="2024-09-22T23:44:56 IST" duration-ms="2198" status="PASS">
          <reporter-output>
          </reporter-output>
        </test-method> <!-- setUp -->
        <test-method signature="pdfAutomateTesting()[pri:0, instance:automatePDFFile.Automate_PDF_File@6d026701]" started-at="2024-09-22T23:44:57 IST" name="pdfAutomateTesting" finished-at="2024-09-22T23:44:59 IST" duration-ms="2126" status="PASS">
          <reporter-output>
          </reporter-output>
        </test-method> <!-- pdfAutomateTesting -->
        <test-method is-config="true" signature="tearDown()[pri:0, instance:automatePDFFile.Automate_PDF_File@6d026701]" started-at="2024-09-22T23:44:59 IST" name="tearDown" finished-at="2024-09-22T23:44:59 IST" duration-ms="330" status="PASS">
          <reporter-output>
          </reporter-output>
        </test-method> <!-- tearDown -->
      </class> <!-- automatePDFFile.Automate_PDF_File -->
    </test> <!-- Default test -->
  </suite> <!-- Default suite -->
</testng-results>
